2023-12-11 09:10:22|   0.0|  0.0|INFORM|Current FME version: FME 2022.1.1.0 (20220728 - Build 22623 - WIN64)
2023-12-11 09:10:22|   0.0|  0.0|INFORM|FME_HOME is 'C:\Program Files\FME\'
2023-12-11 09:10:22|   0.0|  0.0|INFORM|FME Database Edition (floating)
2023-12-11 09:10:22|   0.0|  0.0|INFORM|Permanent License.
2023-12-11 09:10:22|   0.0|  0.0|INFORM|Machine host name is: OL101378
2023-12-11 09:10:22|   0.0|  0.0|INFORM|OS Locale Name     : en_NZ
2023-12-11 09:10:22|   0.0|  0.0|INFORM|OS Locale Encoding : windows-1252
2023-12-11 09:10:22|   0.0|  0.0|INFORM|Process Encoding   : UTF-8
2023-12-11 09:10:22|   0.0|  0.0|INFORM|FME API version: '4.0 20220615'
2023-12-11 09:10:22|   0.0|  0.0|INFORM|FME Configuration: FME_BASE is 'no'
2023-12-11 09:10:22|   0.0|  0.0|INFORM|FME Configuration: FME_MF_DIR is 'C:\Projects\Git\Geotiff/'
2023-12-11 09:10:22|   0.0|  0.0|INFORM|FME Configuration: FME_MF_NAME is 'compare_chart.fmw'
2023-12-11 09:10:22|   0.0|  0.0|INFORM|FME Configuration: FME_PRODUCT_NAME is 'FME(R) 2022.1.1.0'
2023-12-11 09:10:22|   0.0|  0.0|INFORM|Operating System: Microsoft Windows 10 64-bit  (Build 19045)
2023-12-11 09:10:22|   0.0|  0.0|INFORM|FME Platform: WIN64
2023-12-11 09:10:22|   0.0|  0.0|INFORM|System Status: 108.30 GB of disk space available in the FME temporary folder (C:\Users\DPArk\AppData\Local\Temp\wbrun_1702238886150_2364\fmetmp_1)
2023-12-11 09:10:22|   0.0|  0.0|INFORM|System Status: 31.86 GB of physical memory available
2023-12-11 09:10:22|   0.0|  0.0|INFORM|System Status: 127.42 GB of virtual memory available
2023-12-11 09:10:22|   0.0|  0.0|INFORM|START - ProcessID: 12504, peak process memory usage: 52316 kB, current process memory usage: 52316 kB
2023-12-11 09:10:22|   0.0|  0.0|INFORM|FME Configuration: Command line arguments are `C:\Program Files\FME\fme.exe' `C:/Projects/Git/Geotiff\wb-xlate-1702239018181_2364' `LOG_STANDARDOUT' `YES' `LOG_TIMINGS' `YES' `LogCountServerName' `52042' `LOG_STANDARDOUT' `No' `WORKBENCH_LOG_SERVER' `52016'
2023-12-11 09:10:22|   0.0|  0.0|INFORM|FME Configuration: Connection Storage: 'C:\Users\DPArk\AppData\Roaming\Safe Software\FME\'
2023-12-11 09:10:22|   0.0|  0.0|INFORM|Shared folders for formats are : C:\Program Files\FME\datasources;C:\Users\DPArk\AppData\Roaming\Safe Software\FME\FME Store\Formats;C:\Users\DPArk\Documents\FME\Formats
2023-12-11 09:10:22|   0.0|  0.0|INFORM|Shared folders for transformers are : C:\Users\DPArk\AppData\Roaming\Safe Software\FME\Packages\22623-win64\transformers;C:\Program Files\FME\transformers;C:\Users\DPArk\AppData\Roaming\Safe Software\FME\FME Store\Transformers
2023-12-11 09:10:22|   0.0|  0.0|INFORM|Shared folders for coordinate systems are : C:\Users\DPArk\Documents\FME\CoordinateSystems
2023-12-11 09:10:22|   0.0|  0.0|INFORM|Shared folders for coordinate system exceptions are : C:\Users\DPArk\Documents\FME\CoordinateSystemExceptions
2023-12-11 09:10:22|   0.0|  0.0|INFORM|Shared folders for coordinate system grid overrides are : C:\Users\DPArk\Documents\FME\CoordinateSystemGridOverrides
2023-12-11 09:10:22|   0.0|  0.0|INFORM|Shared folders for CS-MAP transformation exceptions are : C:\Users\DPArk\Documents\FME\CsmapTransformationExceptions
2023-12-11 09:10:22|   0.0|  0.0|INFORM|Shared folders for transformer categories are : C:\Users\DPArk\Documents\FME\TransformerCategories
2023-12-11 09:10:22|   0.0|  0.0|INFORM|FME Configuration: Reader Keyword is `MULTI_READER'
2023-12-11 09:10:22|   0.0|  0.0|INFORM|FME Configuration: Writer Keyword is `MULTI_WRITER'
2023-12-11 09:10:22|   0.0|  0.0|INFORM|FME Configuration: Writer Group Definition Keyword is `MULTI_WRITER_DEF'
2023-12-11 09:10:22|   0.0|  0.0|INFORM|FME Configuration: Reader type is `MULTI_READER'
2023-12-11 09:10:22|   0.0|  0.0|INFORM|FME Configuration: Writer type is `MULTI_WRITER'
2023-12-11 09:10:22|   0.0|  0.0|INFORM|FME Configuration: No destination coordinate system set
2023-12-11 09:10:22|   0.0|  0.0|INFORM|FME Configuration: Current working folder is `C:\Projects\Git\Geotiff'
2023-12-11 09:10:22|   0.0|  0.0|INFORM|FME Configuration: Temporary folder is `C:\Users\DPArk\AppData\Local\Temp\wbrun_1702238886150_2364\fmetmp_1', set from environment variable `FME_TEMP'
2023-12-11 09:10:22|   0.0|  0.0|INFORM|FME Configuration: Cache folder is 'C:\Users\DPArk\AppData\Local\Temp'
2023-12-11 09:10:22|   0.0|  0.0|INFORM|FME Configuration: FME_HOME is `C:\Program Files\FME\'
2023-12-11 09:10:22|   0.0|  0.0|INFORM|FME Configuration: Start freeing memory when the process exceeds 95.57 GB
2023-12-11 09:10:22|   0.0|  0.0|INFORM|FME Configuration: Stop freeing memory when the process is below 71.68 GB
2023-12-11 09:10:22|   0.1|  0.1|INFORM|Creating writer for format: 
2023-12-11 09:10:22|   0.1|  0.0|INFORM|Creating reader for format: 
2023-12-11 09:10:22|   0.1|  0.0|INFORM|MULTI_READER(MULTI_READER): Will fail with first member reader failure
2023-12-11 09:10:22|   0.1|  0.0|INFORM|Using Multi Reader with keyword `MULTI_READER' to read multiple datasets
2023-12-11 09:10:22|   0.1|  0.0|INFORM|Using MultiWriter with keyword `MULTI_WRITER' to output data (ID_ATTRIBUTE is `multi_writer_id')
2023-12-11 09:10:22|   0.1|  0.0|INFORM|Writer output will be ordered by value of multi_writer_id
2023-12-11 09:10:22|   0.1|  0.0|INFORM|Loaded module 'LogCount_func' from file 'C:\Program Files\FME\plugins/LogCount_func.dll'
2023-12-11 09:10:22|   0.1|  0.0|INFORM|FME API version of module 'LogCount_func' matches current internal version (4.0 20220615)
2023-12-11 09:10:22|   0.1|  0.0|INFORM|Emptying factory pipeline
2023-12-11 09:10:22|   0.1|  0.0|STATS |Router and Unexpected Input Remover (RoutingFactory): Tested 0 input feature(s), wrote 0 output feature(s): 0 matched merge filters, 0 were routed to output, 0 could not be routed.
2023-12-11 09:10:22|   0.1|  0.0|STATS |Unwanted Router Input Nuker (TeeFactory): Cloned 0 input feature(s) into 0 output feature(s)
2023-12-11 09:10:22|   0.1|  0.0|STATS |CSV_CSV2_2 Splitter (TeeFactory): Cloned 0 input feature(s) into 0 output feature(s)
2023-12-11 09:10:22|   0.1|  0.0|STATS |charts-paper_2023-12-04_XLSXR_1 Splitter (TeeFactory): Cloned 0 input feature(s) into 0 output feature(s)
2023-12-11 09:10:22|   0.1|  0.0|STATS |Restoring 292 feature(s) from FME feature store file `C:\Users\DPArk\AppData\Local\Temp\wb-cache-compare_chart-BAuknH\Main_FeatureJoiner -1 12 fo 0 JOINED  0  d38d632b1c4fa7581e0f4dcb744a422e22cc0e7b.ffs'
2023-12-11 09:10:22|   0.1|  0.0|STATS |Restoring 36 feature(s) from FME feature store file `C:\Users\DPArk\AppData\Local\Temp\wb-cache-compare_chart-BAuknH\Main_FeatureJoiner_2 -1 26 fo 0 JOINED  0  dc2209794a9031e261f580ac9f56ccea8082f701.ffs'
2023-12-11 09:10:22|   0.1|  0.0|STATS |Restoring 7 feature(s) from FME feature store file `C:\Users\DPArk\AppData\Local\Temp\wb-cache-compare_chart-BAuknH\Main_FeatureJoiner_3 -1 24 fo 0 JOINED  0  b42c0e1a53f06e572a29f67127aa9d5132527d9b.ffs'
2023-12-11 09:10:22|   0.1|  0.0|STATS |Restoring 10 feature(s) from FME feature store file `C:\Users\DPArk\AppData\Local\Temp\wb-cache-compare_chart-BAuknH\Main_FeatureJoiner_2 -1 26 fo 1 UNJOINED_LEFT  0  c96d31c50e3260e66e6bb4a8e4695bae0bb22e70.ffs'
2023-12-11 09:10:22|   0.2|  0.1|INFORM|Creating writer for format: CSV (Comma Separated Value)
2023-12-11 09:10:22|   0.3|  0.1|INFORM|Trying to find a DYNAMIC plugin for writer named `CSV2'
2023-12-11 09:10:22|   0.3|  0.0|INFORM|Loaded module 'CSV2' from file 'C:\Program Files\FME\plugins/CSV2.dll'
2023-12-11 09:10:22|   0.3|  0.0|INFORM|FME API version of module 'CSV2' matches current internal version (4.0 20220615)
2023-12-11 09:10:22|   0.3|  0.0|INFORM|FME Configuration: No destination coordinate system set
2023-12-11 09:10:22|   0.3|  0.0|INFORM|Writer `CSV2_1' of type `CSV2' using group definition keyword `CSV2_1_DEF'
2023-12-11 09:10:22|   0.3|  0.0|INFORM|CSV writer: Directive '_EXTENSION' has the value 'csv'
2023-12-11 09:10:22|   0.3|  0.0|INFORM|CSV writer: Directive '_DELIMITER' has the value ','
2023-12-11 09:10:22|   0.3|  0.0|INFORM|CSV writer: Directive '_ENCODING' has the value 'UTF-8'
2023-12-11 09:10:22|   0.3|  0.0|INFORM|CSV writer: Directive '_WRITE_BOM_FOR_UNICODE' has the value 'Yes'
2023-12-11 09:10:22|   0.3|  0.0|INFORM|CSV writer: Directive '_QUALIFY_FIELD_NAMES' has the value 'if_needed'
2023-12-11 09:10:22|   0.3|  0.0|INFORM|CSV writer: Directive '_QUALIFY_FIELD_VALUES' has the value 'if_needed'
2023-12-11 09:10:22|   0.3|  0.0|INFORM|CSV writer: Directive '_TREAT_EMBEDDED_FIELD_QUALIFIERS_AS_UNSAFE' has the value 'Yes'
2023-12-11 09:10:22|   0.3|  0.0|INFORM|CSV writer: Directive '_FIELD_QUALIFIER_CHARACTER' has the value '"'
2023-12-11 09:10:22|   0.3|  0.0|INFORM|CSV writer: Directive '_FIELD_QUALIFIER_ESCAPE_CHARACTER' has the value '"'
2023-12-11 09:10:22|   0.3|  0.0|INFORM|CSV writer: Directive '_ROW_TERMINATION' has the value 'System'
2023-12-11 09:10:22|   0.3|  0.0|INFORM|CSV writer: Directive '_WRITE_SCHEMA_FILE' has the value 'NO'
2023-12-11 09:10:22|   0.3|  0.0|INFORM|CSV writer: Opening dataset 'C:\Projects\Geotiff\Chart_val_remain.csv'
2023-12-11 09:10:22|   0.3|  0.0|INFORM|CSV writer: Opening dataset 'C:\Projects\Geotiff\Chart_val.csv'
2023-12-11 09:10:22|   0.3|  0.0|STATS |Destination Feature Type Routing Correlator (RoutingFactory): Tested 345 input feature(s), wrote 345 output feature(s): 0 matched merge filters, 345 were routed to output, 0 could not be routed.
2023-12-11 09:10:22|   0.3|  0.0|STATS |Final Output Nuker (TeeFactory): Cloned 0 input feature(s) into 0 output feature(s)
2023-12-11 09:10:22|   0.3|  0.0|INFORM|=-=-=-=-=-=-=-=-=-=-=-=-=-=-=-=-=-=-=-=-=-=-=-=-=-=-=-=-=-=-=-=-=-=-=-=-=-=-=-
2023-12-11 09:10:22|   0.3|  0.0|INFORM|Feature output statistics for `CSV2' writer using keyword `CSV2_1':
2023-12-11 09:10:22|   0.3|  0.0|STATS |=-=-=-=-=-=-=-=-=-=-=-=-=-=-=-=-=-=-=-=-=-=-=-=-=-=-=-=-=-=-=-=-=-=-=-=-=-=-=-
2023-12-11 09:10:22|   0.3|  0.0|STATS |                               Features Written
2023-12-11 09:10:22|   0.3|  0.0|STATS |=-=-=-=-=-=-=-=-=-=-=-=-=-=-=-=-=-=-=-=-=-=-=-=-=-=-=-=-=-=-=-=-=-=-=-=-=-=-=-
2023-12-11 09:10:22|   0.3|  0.0|STATS |Chart_val                                                                  335
2023-12-11 09:10:22|   0.3|  0.0|STATS |Chart_val_remain                                                            10
2023-12-11 09:10:22|   0.3|  0.0|STATS |==============================================================================
2023-12-11 09:10:22|   0.3|  0.0|STATS |Total Features Written                                                     345
2023-12-11 09:10:22|   0.3|  0.0|STATS |=-=-=-=-=-=-=-=-=-=-=-=-=-=-=-=-=-=-=-=-=-=-=-=-=-=-=-=-=-=-=-=-=-=-=-=-=-=-=-
2023-12-11 09:10:22|   0.3|  0.0|STATS |=-=-=-=-=-=-=-=-=-=-=-=-=-=-=-=-=-=-=-=-=-=-=-=-=-=-=-=-=-=-=-=-=-=-=-=-=-=-=-
2023-12-11 09:10:22|   0.3|  0.0|STATS |                            Features Read Summary
2023-12-11 09:10:22|   0.3|  0.0|STATS |=-=-=-=-=-=-=-=-=-=-=-=-=-=-=-=-=-=-=-=-=-=-=-=-=-=-=-=-=-=-=-=-=-=-=-=-=-=-=-
2023-12-11 09:10:22|   0.3|  0.0|STATS |==============================================================================
2023-12-11 09:10:22|   0.3|  0.0|STATS |Total Features Read                                                          0
2023-12-11 09:10:22|   0.3|  0.0|STATS |=-=-=-=-=-=-=-=-=-=-=-=-=-=-=-=-=-=-=-=-=-=-=-=-=-=-=-=-=-=-=-=-=-=-=-=-=-=-=-
2023-12-11 09:10:22|   0.3|  0.0|STATS |=-=-=-=-=-=-=-=-=-=-=-=-=-=-=-=-=-=-=-=-=-=-=-=-=-=-=-=-=-=-=-=-=-=-=-=-=-=-=-
2023-12-11 09:10:22|   0.3|  0.0|STATS |                           Features Written Summary
2023-12-11 09:10:22|   0.3|  0.0|STATS |=-=-=-=-=-=-=-=-=-=-=-=-=-=-=-=-=-=-=-=-=-=-=-=-=-=-=-=-=-=-=-=-=-=-=-=-=-=-=-
2023-12-11 09:10:22|   0.3|  0.0|STATS |Chart_val                                                                  335
2023-12-11 09:10:22|   0.3|  0.0|STATS |Chart_val_remain                                                            10
2023-12-11 09:10:22|   0.3|  0.0|STATS |==============================================================================
2023-12-11 09:10:22|   0.3|  0.0|STATS |Total Features Written                                                     345
2023-12-11 09:10:22|   0.3|  0.0|STATS |=-=-=-=-=-=-=-=-=-=-=-=-=-=-=-=-=-=-=-=-=-=-=-=-=-=-=-=-=-=-=-=-=-=-=-=-=-=-=-
2023-12-11 09:10:22|   0.3|  0.0|WARN  |-~-~-~-~-~-~-~-~-~-~-~-~-~-~-~-~-~-~-~-~-~-~-~-~-~-~-~-~-~-~-~-~-~-~-~-~-~-~-~-~-
2023-12-11 09:10:22|   0.3|  0.0|WARN  |-~                                                                             ~-
2023-12-11 09:10:22|   0.3|  0.0|WARN  |-~    Feature caches have been recorded at every stage of the translation.     ~-
2023-12-11 09:10:22|   0.3|  0.0|WARN  |-~                      To inspect the recorded features,                      ~-
2023-12-11 09:10:22|   0.3|  0.0|WARN  |-~              click the feature cache icons next to the ports.               ~-
2023-12-11 09:10:22|   0.3|  0.0|WARN  |-~                                                                             ~-
2023-12-11 09:10:22|   0.3|  0.0|WARN  |-~-~-~-~-~-~-~-~-~-~-~-~-~-~-~-~-~-~-~-~-~-~-~-~-~-~-~-~-~-~-~-~-~-~-~-~-~-~-~-~-
2023-12-11 09:10:22|   0.3|  0.0|INFORM|Translation was SUCCESSFUL with 7 warning(s) (345 feature(s) output)
2023-12-11 09:10:22|   0.3|  0.0|INFORM|FME Session Duration: 0.5 seconds. (CPU: 0.1s user, 0.2s system)
2023-12-11 09:10:22|   0.3|  0.0|INFORM|END - ProcessID: 12504, peak process memory usage: 63276 kB, current process memory usage: 63220 kB
